ERROR - 2024-01-04 15:31:21 --> Error connecting to the database: mysqli_sql_exception: No connection could be made because the target machine actively refused it in C:\Pemerintahan\pemerintahan\system\Database\MySQLi\Connection.php:184
Stack trace:
#0 C:\Pemerintahan\pemerintahan\system\Database\MySQLi\Connection.php(184): mysqli->real_connect('localhost', 'root', Object(SensitiveParameterValue), 'pengabdian_db', 3306, '', 0)
#1 C:\Pemerintahan\pemerintahan\system\Database\BaseConnection.php(391): CodeIgniter\Database\MySQLi\Connection->connect(false)
#2 C:\Pemerintahan\pemerintahan\system\Database\BaseConnection.php(574): CodeIgniter\Database\BaseConnection->initialize()
#3 C:\Pemerintahan\pemerintahan\system\Database\BaseBuilder.php(1615): CodeIgniter\Database\BaseConnection->query('SELECT *\nFROM `...', Array, false)
#4 C:\Pemerintahan\pemerintahan\system\Model.php(237): CodeIgniter\Database\BaseBuilder->get()
#5 C:\Pemerintahan\pemerintahan\system\BaseModel.php(624): CodeIgniter\Model->doFindAll(0, 0)
#6 C:\Pemerintahan\pemerintahan\app\Controllers\Home.php(21): CodeIgniter\BaseModel->findAll()
#7 C:\Pemerintahan\pemerintahan\system\CodeIgniter.php(919): App\Controllers\Home->index()
#8 C:\Pemerintahan\pemerintahan\system\CodeIgniter.php(494): CodeIgniter\CodeIgniter->runController(Object(App\Controllers\Home))
#9 C:\Pemerintahan\pemerintahan\system\CodeIgniter.php(353): CodeIgniter\CodeIgniter->handleRequest(NULL, Object(Config\Cache), false)
#10 C:\Pemerintahan\pemerintahan\public\index.php(79): CodeIgniter\CodeIgniter->run()
#11 C:\Pemerintahan\pemerintahan\system\Commands\Server\rewrite.php(47): require_once('C:\\Pemerintahan...')
#12 {main}

Next CodeIgniter\Database\Exceptions\DatabaseException: No connection could be made because the target machine actively refused it in C:\Pemerintahan\pemerintahan\system\Database\MySQLi\Connection.php:229
Stack trace:
#0 C:\Pemerintahan\pemerintahan\system\Database\BaseConnection.php(391): CodeIgniter\Database\MySQLi\Connection->connect(false)
#1 C:\Pemerintahan\pemerintahan\system\Database\BaseConnection.php(574): CodeIgniter\Database\BaseConnection->initialize()
#2 C:\Pemerintahan\pemerintahan\system\Database\BaseBuilder.php(1615): CodeIgniter\Database\BaseConnection->query('SELECT *\nFROM `...', Array, false)
#3 C:\Pemerintahan\pemerintahan\system\Model.php(237): CodeIgniter\Database\BaseBuilder->get()
#4 C:\Pemerintahan\pemerintahan\system\BaseModel.php(624): CodeIgniter\Model->doFindAll(0, 0)
#5 C:\Pemerintahan\pemerintahan\app\Controllers\Home.php(21): CodeIgniter\BaseModel->findAll()
#6 C:\Pemerintahan\pemerintahan\system\CodeIgniter.php(919): App\Controllers\Home->index()
#7 C:\Pemerintahan\pemerintahan\system\CodeIgniter.php(494): CodeIgniter\CodeIgniter->runController(Object(App\Controllers\Home))
#8 C:\Pemerintahan\pemerintahan\system\CodeIgniter.php(353): CodeIgniter\CodeIgniter->handleRequest(NULL, Object(Config\Cache), false)
#9 C:\Pemerintahan\pemerintahan\public\index.php(79): CodeIgniter\CodeIgniter->run()
#10 C:\Pemerintahan\pemerintahan\system\Commands\Server\rewrite.php(47): require_once('C:\\Pemerintahan...')
#11 {main}
CRITICAL - 2024-01-04 15:31:21 --> Unable to connect to the database.
Main connection [MySQLi]: No connection could be made because the target machine actively refused it
in SYSTEMPATH\Database\BaseConnection.php on line 427.
 1 SYSTEMPATH\Database\BaseConnection.php(574): CodeIgniter\Database\BaseConnection->initialize()
 2 SYSTEMPATH\Database\BaseBuilder.php(1615): CodeIgniter\Database\BaseConnection->query('SELECT *
FROM `penyuluhan`', [], false)
 3 SYSTEMPATH\Model.php(237): CodeIgniter\Database\BaseBuilder->get()
 4 SYSTEMPATH\BaseModel.php(624): CodeIgniter\Model->doFindAll(0, 0)
 5 APPPATH\Controllers\Home.php(21): CodeIgniter\BaseModel->findAll()
 6 SYSTEMPATH\CodeIgniter.php(919): App\Controllers\Home->index()
 7 SYSTEMPATH\CodeIgniter.php(494): CodeIgniter\CodeIgniter->runController(Object(App\Controllers\Home))
 8 SYSTEMPATH\CodeIgniter.php(353): CodeIgniter\CodeIgniter->handleRequest(null, Object(Config\Cache), false)
 9 FCPATH\index.php(79): CodeIgniter\CodeIgniter->run()
10 SYSTEMPATH\Commands\Server\rewrite.php(47): require_once('C:\\Pemerintahan\\pemerintahan\\public\\index.php')
ERROR - 2024-01-04 15:31:55 --> Error connecting to the database: mysqli_sql_exception: No connection could be made because the target machine actively refused it in C:\Pemerintahan\pemerintahan\system\Database\MySQLi\Connection.php:184
Stack trace:
#0 C:\Pemerintahan\pemerintahan\system\Database\MySQLi\Connection.php(184): mysqli->real_connect('localhost', 'root', Object(SensitiveParameterValue), 'pengabdian_db', 3306, '', 0)
#1 C:\Pemerintahan\pemerintahan\system\Database\BaseConnection.php(391): CodeIgniter\Database\MySQLi\Connection->connect(false)
#2 C:\Pemerintahan\pemerintahan\system\Database\BaseConnection.php(574): CodeIgniter\Database\BaseConnection->initialize()
#3 C:\Pemerintahan\pemerintahan\system\Database\BaseBuilder.php(1615): CodeIgniter\Database\BaseConnection->query('SELECT *\nFROM `...', Array, false)
#4 C:\Pemerintahan\pemerintahan\system\Model.php(237): CodeIgniter\Database\BaseBuilder->get()
#5 C:\Pemerintahan\pemerintahan\system\BaseModel.php(624): CodeIgniter\Model->doFindAll(0, 0)
#6 C:\Pemerintahan\pemerintahan\app\Controllers\Home.php(21): CodeIgniter\BaseModel->findAll()
#7 C:\Pemerintahan\pemerintahan\system\CodeIgniter.php(919): App\Controllers\Home->index()
#8 C:\Pemerintahan\pemerintahan\system\CodeIgniter.php(494): CodeIgniter\CodeIgniter->runController(Object(App\Controllers\Home))
#9 C:\Pemerintahan\pemerintahan\system\CodeIgniter.php(353): CodeIgniter\CodeIgniter->handleRequest(NULL, Object(Config\Cache), false)
#10 C:\Pemerintahan\pemerintahan\public\index.php(79): CodeIgniter\CodeIgniter->run()
#11 C:\Pemerintahan\pemerintahan\system\Commands\Server\rewrite.php(47): require_once('C:\\Pemerintahan...')
#12 {main}

Next CodeIgniter\Database\Exceptions\DatabaseException: No connection could be made because the target machine actively refused it in C:\Pemerintahan\pemerintahan\system\Database\MySQLi\Connection.php:229
Stack trace:
#0 C:\Pemerintahan\pemerintahan\system\Database\BaseConnection.php(391): CodeIgniter\Database\MySQLi\Connection->connect(false)
#1 C:\Pemerintahan\pemerintahan\system\Database\BaseConnection.php(574): CodeIgniter\Database\BaseConnection->initialize()
#2 C:\Pemerintahan\pemerintahan\system\Database\BaseBuilder.php(1615): CodeIgniter\Database\BaseConnection->query('SELECT *\nFROM `...', Array, false)
#3 C:\Pemerintahan\pemerintahan\system\Model.php(237): CodeIgniter\Database\BaseBuilder->get()
#4 C:\Pemerintahan\pemerintahan\system\BaseModel.php(624): CodeIgniter\Model->doFindAll(0, 0)
#5 C:\Pemerintahan\pemerintahan\app\Controllers\Home.php(21): CodeIgniter\BaseModel->findAll()
#6 C:\Pemerintahan\pemerintahan\system\CodeIgniter.php(919): App\Controllers\Home->index()
#7 C:\Pemerintahan\pemerintahan\system\CodeIgniter.php(494): CodeIgniter\CodeIgniter->runController(Object(App\Controllers\Home))
#8 C:\Pemerintahan\pemerintahan\system\CodeIgniter.php(353): CodeIgniter\CodeIgniter->handleRequest(NULL, Object(Config\Cache), false)
#9 C:\Pemerintahan\pemerintahan\public\index.php(79): CodeIgniter\CodeIgniter->run()
#10 C:\Pemerintahan\pemerintahan\system\Commands\Server\rewrite.php(47): require_once('C:\\Pemerintahan...')
#11 {main}
CRITICAL - 2024-01-04 15:31:55 --> Unable to connect to the database.
Main connection [MySQLi]: No connection could be made because the target machine actively refused it
in SYSTEMPATH\Database\BaseConnection.php on line 427.
 1 SYSTEMPATH\Database\BaseConnection.php(574): CodeIgniter\Database\BaseConnection->initialize()
 2 SYSTEMPATH\Database\BaseBuilder.php(1615): CodeIgniter\Database\BaseConnection->query('SELECT *
FROM `penyuluhan`', [], false)
 3 SYSTEMPATH\Model.php(237): CodeIgniter\Database\BaseBuilder->get()
 4 SYSTEMPATH\BaseModel.php(624): CodeIgniter\Model->doFindAll(0, 0)
 5 APPPATH\Controllers\Home.php(21): CodeIgniter\BaseModel->findAll()
 6 SYSTEMPATH\CodeIgniter.php(919): App\Controllers\Home->index()
 7 SYSTEMPATH\CodeIgniter.php(494): CodeIgniter\CodeIgniter->runController(Object(App\Controllers\Home))
 8 SYSTEMPATH\CodeIgniter.php(353): CodeIgniter\CodeIgniter->handleRequest(null, Object(Config\Cache), false)
 9 FCPATH\index.php(79): CodeIgniter\CodeIgniter->run()
10 SYSTEMPATH\Commands\Server\rewrite.php(47): require_once('C:\\Pemerintahan\\pemerintahan\\public\\index.php')
INFO - 2024-01-04 15:34:27 --> Session: Class initialized using 'CodeIgniter\Session\Handlers\FileHandler' driver.
